{"/home/travis/build/npmtest/node-npmtest-specify/test.js":{"path":"/home/travis/build/npmtest/node-npmtest-specify/test.js","s":{"1":2,"2":2,"3":2,"4":2,"5":2,"6":2,"7":2,"8":1,"9":2,"10":2,"11":1,"12":1,"13":1,"14":1,"15":2,"16":2,"17":2,"18":2,"19":1,"20":1,"21":2,"22":2,"23":2,"24":1,"25":1,"26":1,"27":1,"28":1,"29":1,"30":1,"31":1,"32":1,"33":1,"34":1,"35":1,"36":1,"37":1,"38":1,"39":2,"40":2,"41":1,"42":2,"43":2,"44":1,"45":2,"46":2,"47":1,"48":2,"49":2,"50":1,"51":1,"52":1,"53":1,"54":1},"b":{"1":[2,1,1,1],"2":[1,1,1,1],"3":[1,1],"4":[1,1],"5":[1,1],"6":[1,1],"7":[1,1],"8":[1,1],"9":[1,1],"10":[1,1,1],"11":[1,1],"12":[1,1],"13":[1,1],"14":[1,1],"15":[1,1],"16":[1,1],"17":[1,1]},"f":{"1":2,"2":2,"3":2,"4":2,"5":2,"6":1,"7":1,"8":1,"9":2,"10":2,"11":2,"12":2,"13":1},"fnMap":{"1":{"name":"(anonymous_1)","line":12,"loc":{"start":{"line":12,"column":1},"end":{"line":12,"column":13}}},"2":{"name":"(anonymous_2)","line":19,"loc":{"start":{"line":19,"column":5},"end":{"line":19,"column":17}}},"3":{"name":"(anonymous_3)","line":23,"loc":{"start":{"line":23,"column":24},"end":{"line":23,"column":36}}},"4":{"name":"(anonymous_4)","line":61,"loc":{"start":{"line":61,"column":5},"end":{"line":61,"column":17}}},"5":{"name":"(anonymous_5)","line":82,"loc":{"start":{"line":82,"column":5},"end":{"line":82,"column":17}}},"6":{"name":"(anonymous_6)","line":91,"loc":{"start":{"line":91,"column":77},"end":{"line":94,"column":10}}},"7":{"name":"(anonymous_7)","line":112,"loc":{"start":{"line":112,"column":83},"end":{"line":115,"column":10}},"skip":true},"8":{"name":"(anonymous_8)","line":123,"loc":{"start":{"line":123,"column":77},"end":{"line":126,"column":10}},"skip":true},"9":{"name":"(anonymous_9)","line":139,"loc":{"start":{"line":139,"column":12},"end":{"line":139,"column":40}},"skip":true},"10":{"name":"(anonymous_10)","line":147,"loc":{"start":{"line":147,"column":77},"end":{"line":150,"column":10}},"skip":true},"11":{"name":"(anonymous_11)","line":158,"loc":{"start":{"line":158,"column":83},"end":{"line":161,"column":10}},"skip":true},"12":{"name":"(anonymous_12)","line":169,"loc":{"start":{"line":169,"column":79},"end":{"line":172,"column":10}},"skip":true},"13":{"name":"(anonymous_13)","line":180,"loc":{"start":{"line":180,"column":75},"end":{"line":183,"column":10}},"skip":true}},"statementMap":{"1":{"start":{"line":12,"column":0},"end":{"line":195,"column":5}},"2":{"start":{"line":14,"column":4},"end":{"line":14,"column":14}},"3":{"start":{"line":19,"column":4},"end":{"line":56,"column":9}},"4":{"start":{"line":21,"column":8},"end":{"line":21,"column":19}},"5":{"start":{"line":23,"column":8},"end":{"line":35,"column":13}},"6":{"start":{"line":24,"column":12},"end":{"line":34,"column":13}},"7":{"start":{"line":25,"column":16},"end":{"line":28,"column":30}},"8":{"start":{"line":30,"column":16},"end":{"line":33,"column":27}},"9":{"start":{"line":37,"column":8},"end":{"line":39,"column":21}},"10":{"start":{"line":40,"column":8},"end":{"line":53,"column":9}},"11":{"start":{"line":43,"column":12},"end":{"line":46,"column":14}},"12":{"start":{"line":47,"column":12},"end":{"line":47,"column":18}},"13":{"start":{"line":50,"column":12},"end":{"line":51,"column":46}},"14":{"start":{"line":52,"column":12},"end":{"line":52,"column":18}},"15":{"start":{"line":55,"column":8},"end":{"line":55,"column":35}},"16":{"start":{"line":61,"column":4},"end":{"line":63,"column":9}},"17":{"start":{"line":62,"column":8},"end":{"line":62,"column":15}},"18":{"start":{"line":64,"column":4},"end":{"line":77,"column":5}},"19":{"start":{"line":70,"column":8},"end":{"line":70,"column":14}},"20":{"start":{"line":76,"column":8},"end":{"line":76,"column":14}},"21":{"start":{"line":82,"column":4},"end":{"line":84,"column":9}},"22":{"start":{"line":83,"column":8},"end":{"line":83,"column":15}},"23":{"start":{"line":85,"column":4},"end":{"line":194,"column":5}},"24":{"start":{"line":91,"column":8},"end":{"line":99,"column":10}},"25":{"start":{"line":98,"column":12},"end":{"line":98,"column":35}},"26":{"start":{"line":102,"column":8},"end":{"line":104,"column":63}},"27":{"start":{"line":105,"column":8},"end":{"line":105,"column":14}},"28":{"start":{"line":112,"column":8},"end":{"line":121,"column":10},"skip":true},"29":{"start":{"line":119,"column":12},"end":{"line":119,"column":55},"skip":true},"30":{"start":{"line":120,"column":12},"end":{"line":120,"column":48},"skip":true},"31":{"start":{"line":123,"column":8},"end":{"line":136,"column":10},"skip":true},"32":{"start":{"line":130,"column":12},"end":{"line":130,"column":76},"skip":true},"33":{"start":{"line":131,"column":12},"end":{"line":131,"column":73},"skip":true},"34":{"start":{"line":132,"column":12},"end":{"line":132,"column":74},"skip":true},"35":{"start":{"line":133,"column":12},"end":{"line":133,"column":79},"skip":true},"36":{"start":{"line":134,"column":12},"end":{"line":134,"column":25},"skip":true},"37":{"start":{"line":135,"column":12},"end":{"line":135,"column":45},"skip":true},"38":{"start":{"line":138,"column":8},"end":{"line":145,"column":14},"skip":true},"39":{"start":{"line":143,"column":16},"end":{"line":143,"column":29},"skip":true},"40":{"start":{"line":144,"column":16},"end":{"line":144,"column":55},"skip":true},"41":{"start":{"line":147,"column":8},"end":{"line":156,"column":10},"skip":true},"42":{"start":{"line":154,"column":12},"end":{"line":154,"column":25},"skip":true},"43":{"start":{"line":155,"column":12},"end":{"line":155,"column":45},"skip":true},"44":{"start":{"line":158,"column":8},"end":{"line":167,"column":10},"skip":true},"45":{"start":{"line":165,"column":12},"end":{"line":165,"column":25},"skip":true},"46":{"start":{"line":166,"column":12},"end":{"line":166,"column":48},"skip":true},"47":{"start":{"line":169,"column":8},"end":{"line":178,"column":10},"skip":true},"48":{"start":{"line":176,"column":12},"end":{"line":176,"column":25},"skip":true},"49":{"start":{"line":177,"column":12},"end":{"line":177,"column":46},"skip":true},"50":{"start":{"line":180,"column":8},"end":{"line":189,"column":10},"skip":true},"51":{"start":{"line":187,"column":12},"end":{"line":187,"column":94},"skip":true},"52":{"start":{"line":188,"column":12},"end":{"line":188,"column":48},"skip":true},"53":{"start":{"line":192,"column":8},"end":{"line":192,"column":35},"skip":true},"54":{"start":{"line":193,"column":8},"end":{"line":193,"column":14},"skip":true}},"branchMap":{"1":{"line":25,"type":"binary-expr","locations":[{"start":{"line":25,"column":23},"end":{"line":25,"column":62}},{"start":{"line":26,"column":20},"end":{"line":26,"column":70}},{"start":{"line":27,"column":20},"end":{"line":27,"column":71}},{"start":{"line":28,"column":20},"end":{"line":28,"column":29}}]},"2":{"line":30,"type":"binary-expr","locations":[{"start":{"line":30,"column":23},"end":{"line":30,"column":37}},{"start":{"line":31,"column":20},"end":{"line":31,"column":61}},{"start":{"line":32,"column":20},"end":{"line":32,"column":70}},{"start":{"line":33,"column":20},"end":{"line":33,"column":26}}]},"3":{"line":37,"type":"cond-expr","locations":[{"start":{"line":38,"column":14},"end":{"line":38,"column":20}},{"start":{"line":39,"column":14},"end":{"line":39,"column":20}}]},"4":{"line":40,"type":"switch","locations":[{"start":{"line":42,"column":8},"end":{"line":47,"column":18}},{"start":{"line":49,"column":8},"end":{"line":52,"column":18}}]},"5":{"line":44,"type":"binary-expr","locations":[{"start":{"line":44,"column":16},"end":{"line":44,"column":44}},{"start":{"line":44,"column":48},"end":{"line":44,"column":66}}]},"6":{"line":50,"type":"binary-expr","locations":[{"start":{"line":50,"column":21},"end":{"line":50,"column":49}},{"start":{"line":50,"column":53},"end":{"line":50,"column":72}}]},"7":{"line":64,"type":"switch","locations":[{"start":{"line":69,"column":4},"end":{"line":70,"column":14}},{"start":{"line":75,"column":4},"end":{"line":76,"column":14}}]},"8":{"line":85,"type":"switch","locations":[{"start":{"line":90,"column":4},"end":{"line":105,"column":14}},{"start":{"line":111,"column":4},"end":{"line":193,"column":14},"skip":true}]},"9":{"line":91,"type":"binary-expr","locations":[{"start":{"line":91,"column":42},"end":{"line":91,"column":73}},{"start":{"line":91,"column":77},"end":{"line":99,"column":9}}]},"10":{"line":102,"type":"binary-expr","locations":[{"start":{"line":102,"column":18},"end":{"line":102,"column":32}},{"start":{"line":103,"column":12},"end":{"line":103,"column":53}},{"start":{"line":104,"column":12},"end":{"line":104,"column":61}}]},"11":{"line":112,"type":"binary-expr","locations":[{"start":{"line":112,"column":45},"end":{"line":112,"column":79},"skip":true},{"start":{"line":112,"column":83},"end":{"line":121,"column":9},"skip":true}]},"12":{"line":123,"type":"binary-expr","locations":[{"start":{"line":123,"column":42},"end":{"line":123,"column":73},"skip":true},{"start":{"line":123,"column":77},"end":{"line":136,"column":9},"skip":true}]},"13":{"line":138,"type":"binary-expr","locations":[{"start":{"line":138,"column":48},"end":{"line":138,"column":85},"skip":true},{"start":{"line":139,"column":12},"end":{"line":145,"column":13},"skip":true}]},"14":{"line":147,"type":"binary-expr","locations":[{"start":{"line":147,"column":42},"end":{"line":147,"column":73},"skip":true},{"start":{"line":147,"column":77},"end":{"line":156,"column":9},"skip":true}]},"15":{"line":158,"type":"binary-expr","locations":[{"start":{"line":158,"column":45},"end":{"line":158,"column":79},"skip":true},{"start":{"line":158,"column":83},"end":{"line":167,"column":9},"skip":true}]},"16":{"line":169,"type":"binary-expr","locations":[{"start":{"line":169,"column":43},"end":{"line":169,"column":75},"skip":true},{"start":{"line":169,"column":79},"end":{"line":178,"column":9},"skip":true}]},"17":{"line":180,"type":"binary-expr","locations":[{"start":{"line":180,"column":41},"end":{"line":180,"column":71},"skip":true},{"start":{"line":180,"column":75},"end":{"line":189,"column":9},"skip":true}]}},"code":["/* istanbul instrument in package npmtest_specify */","/*jslint","    bitwise: true,","    browser: true,","    maxerr: 8,","    maxlen: 96,","    node: true,","    nomen: true,","    regexp: true,","    stupid: true","*/","(function () {","    'use strict';","    var local;","","","","    // run shared js-env code - pre-init","    (function () {","        // init local","        local = {};","        // init modeJs","        local.modeJs = (function () {","            try {","                return typeof navigator.userAgent === 'string' &&","                    typeof document.querySelector('body') === 'object' &&","                    typeof XMLHttpRequest.prototype.open === 'function' &&","                    'browser';","            } catch (errorCaughtBrowser) {","                return module.exports &&","                    typeof process.versions.node === 'string' &&","                    typeof require('http').createServer === 'function' &&","                    'node';","            }","        }());","        // init global","        local.global = local.modeJs === 'browser'","            ? window","            : global;","        switch (local.modeJs) {","        // re-init local from window.local","        case 'browser':","            local = local.global.utility2.objectSetDefault(","                local.global.utility2_rollup || local.global.local,","                local.global.utility2","            );","            break;","        // re-init local from example.js","        case 'node':","            local = (local.global.utility2_rollup || require('utility2'))","                .requireExampleJsFromReadme();","            break;","        }","        // export local","        local.global.local = local;","    }());","","","","    // run shared js-env code - function","    (function () {","        return;","    }());","    switch (local.modeJs) {","","","","    // run browser js-env code - function","    case 'browser':","        break;","","","","    // run node js-env code - function","    case 'node':","        break;","    }","","","","    // run shared js-env code - post-init","    (function () {","        return;","    }());","    switch (local.modeJs) {","","","","    // run browser js-env code - post-init","    case 'browser':","        local.testCase_browser_nullCase = local.testCase_browser_nullCase || function (","            options,","            onError","        ) {","        /*","         * this function will test browsers's null-case handling-behavior-behavior","         */","            onError(null, options);","        };","","        // run tests","        local.nop(local.modeTest &&","            document.querySelector('#testRunButton1') &&","            document.querySelector('#testRunButton1').click());","        break;","","","","    // run node js-env code - post-init","    /* istanbul ignore next */","    case 'node':","        local.testCase_buildApidoc_default = local.testCase_buildApidoc_default || function (","            options,","            onError","        ) {","        /*","         * this function will test buildApidoc's default handling-behavior-behavior","         */","            options = { modulePathList: module.paths };","            local.buildApidoc(options, onError);","        };","","        local.testCase_buildApp_default = local.testCase_buildApp_default || function (","            options,","            onError","        ) {","        /*","         * this function will test buildApp's default handling-behavior-behavior","         */","            local.testCase_buildReadme_default(options, local.onErrorThrow);","            local.testCase_buildLib_default(options, local.onErrorThrow);","            local.testCase_buildTest_default(options, local.onErrorThrow);","            local.testCase_buildCustomOrg_default(options, local.onErrorThrow);","            options = [];","            local.buildApp(options, onError);","        };","","        local.testCase_buildCustomOrg_default = local.testCase_buildCustomOrg_default ||","            function (options, onError) {","            /*","             * this function will test buildCustomOrg's default handling-behavior","             */","                options = {};","                local.buildCustomOrg(options, onError);","            };","","        local.testCase_buildLib_default = local.testCase_buildLib_default || function (","            options,","            onError","        ) {","        /*","         * this function will test buildLib's default handling-behavior","         */","            options = {};","            local.buildLib(options, onError);","        };","","        local.testCase_buildReadme_default = local.testCase_buildReadme_default || function (","            options,","            onError","        ) {","        /*","         * this function will test buildReadme's default handling-behavior-behavior","         */","            options = {};","            local.buildReadme(options, onError);","        };","","        local.testCase_buildTest_default = local.testCase_buildTest_default || function (","            options,","            onError","        ) {","        /*","         * this function will test buildTest's default handling-behavior","         */","            options = {};","            local.buildTest(options, onError);","        };","","        local.testCase_webpage_default = local.testCase_webpage_default || function (","            options,","            onError","        ) {","        /*","         * this function will test webpage's default handling-behavior","         */","            options = { modeCoverageMerge: true, url: local.serverLocalHost + '?modeTest=1' };","            local.browserTest(options, onError);","        };","","        // run test-server","        local.testRunServer(local);","        break;","    }","}());",""],"l":{"12":2,"14":2,"19":2,"21":2,"23":2,"24":2,"25":2,"30":1,"37":2,"40":2,"43":1,"47":1,"50":1,"52":1,"55":2,"61":2,"62":2,"64":2,"70":1,"76":1,"82":2,"83":2,"85":2,"91":1,"98":1,"102":1,"105":1,"112":1,"119":1,"120":1,"123":1,"130":1,"131":1,"132":1,"133":1,"134":1,"135":1,"138":1,"143":2,"144":2,"147":1,"154":2,"155":2,"158":1,"165":2,"166":2,"169":1,"176":2,"177":2,"180":1,"187":1,"188":1,"192":1,"193":1}},"/home/travis/build/npmtest/node-npmtest-specify/lib.npmtest_specify.js":{"path":"/home/travis/build/npmtest/node-npmtest-specify/lib.npmtest_specify.js","s":{"1":2,"2":2,"3":2,"4":2,"5":2,"6":2,"7":2,"8":1,"9":2,"10":2,"11":2,"12":2,"13":1,"14":1,"15":1,"16":1},"b":{"1":[2,1,1,1],"2":[1,1,1,1],"3":[1,1],"4":[2,2],"5":[1,1]},"f":{"1":2,"2":2,"3":2},"fnMap":{"1":{"name":"(anonymous_1)","line":12,"loc":{"start":{"line":12,"column":1},"end":{"line":12,"column":13}}},"2":{"name":"(anonymous_2)","line":19,"loc":{"start":{"line":19,"column":5},"end":{"line":19,"column":17}}},"3":{"name":"(anonymous_3)","line":23,"loc":{"start":{"line":23,"column":24},"end":{"line":23,"column":36}}}},"statementMap":{"1":{"start":{"line":12,"column":0},"end":{"line":53,"column":5}},"2":{"start":{"line":14,"column":4},"end":{"line":14,"column":14}},"3":{"start":{"line":19,"column":4},"end":{"line":52,"column":9}},"4":{"start":{"line":21,"column":8},"end":{"line":21,"column":19}},"5":{"start":{"line":23,"column":8},"end":{"line":35,"column":13}},"6":{"start":{"line":24,"column":12},"end":{"line":34,"column":13}},"7":{"start":{"line":25,"column":16},"end":{"line":28,"column":30}},"8":{"start":{"line":30,"column":16},"end":{"line":33,"column":27}},"9":{"start":{"line":37,"column":8},"end":{"line":39,"column":21}},"10":{"start":{"line":41,"column":8},"end":{"line":41,"column":54}},"11":{"start":{"line":43,"column":8},"end":{"line":43,"column":52}},"12":{"start":{"line":45,"column":8},"end":{"line":51,"column":9}},"13":{"start":{"line":46,"column":12},"end":{"line":46,"column":58}},"14":{"start":{"line":48,"column":12},"end":{"line":48,"column":35}},"15":{"start":{"line":49,"column":12},"end":{"line":49,"column":49}},"16":{"start":{"line":50,"column":12},"end":{"line":50,"column":43}}},"branchMap":{"1":{"line":25,"type":"binary-expr","locations":[{"start":{"line":25,"column":23},"end":{"line":25,"column":62}},{"start":{"line":26,"column":20},"end":{"line":26,"column":70}},{"start":{"line":27,"column":20},"end":{"line":27,"column":71}},{"start":{"line":28,"column":20},"end":{"line":28,"column":29}}]},"2":{"line":30,"type":"binary-expr","locations":[{"start":{"line":30,"column":23},"end":{"line":30,"column":37}},{"start":{"line":31,"column":20},"end":{"line":31,"column":61}},{"start":{"line":32,"column":20},"end":{"line":32,"column":70}},{"start":{"line":33,"column":20},"end":{"line":33,"column":26}}]},"3":{"line":37,"type":"cond-expr","locations":[{"start":{"line":38,"column":14},"end":{"line":38,"column":20}},{"start":{"line":39,"column":14},"end":{"line":39,"column":20}}]},"4":{"line":41,"type":"binary-expr","locations":[{"start":{"line":41,"column":16},"end":{"line":41,"column":44}},{"start":{"line":41,"column":48},"end":{"line":41,"column":53}}]},"5":{"line":45,"type":"if","locations":[{"start":{"line":45,"column":8},"end":{"line":45,"column":8}},{"start":{"line":45,"column":8},"end":{"line":45,"column":8}}]}},"code":["/* istanbul instrument in package npmtest_specify */","/*jslint","    bitwise: true,","    browser: true,","    maxerr: 8,","    maxlen: 96,","    node: true,","    nomen: true,","    regexp: true,","    stupid: true","*/","(function () {","    'use strict';","    var local;","","","","    // run shared js-env code - pre-init","    (function () {","        // init local","        local = {};","        // init modeJs","        local.modeJs = (function () {","            try {","                return typeof navigator.userAgent === 'string' &&","                    typeof document.querySelector('body') === 'object' &&","                    typeof XMLHttpRequest.prototype.open === 'function' &&","                    'browser';","            } catch (errorCaughtBrowser) {","                return module.exports &&","                    typeof process.versions.node === 'string' &&","                    typeof require('http').createServer === 'function' &&","                    'node';","            }","        }());","        // init global","        local.global = local.modeJs === 'browser'","            ? window","            : global;","        // init utility2_rollup","        local = local.global.utility2_rollup || local;","        // init lib","        local.local = local.npmtest_specify = local;","        // init exports","        if (local.modeJs === 'browser') {","            local.global.utility2_npmtest_specify = local;","        } else {","            module.exports = local;","            module.exports.__dirname = __dirname;","            module.exports.module = module;","        }","    }());","}());",""],"l":{"12":2,"14":2,"19":2,"21":2,"23":2,"24":2,"25":2,"30":1,"37":2,"41":2,"43":2,"45":2,"46":1,"48":1,"49":1,"50":1}},"/home/travis/build/npmtest/node-npmtest-specify/example.js":{"path":"/home/travis/build/npmtest/node-npmtest-specify/example.js","s":{"1":2,"2":2,"3":2,"4":2,"5":2,"6":2,"7":2,"8":1,"9":2,"10":2,"11":2,"12":2,"13":1,"14":2,"15":2,"16":2,"17":2,"18":2,"19":0,"20":2,"21":1,"22":1,"23":1,"24":1,"25":1,"26":0,"27":0,"28":1,"29":1,"30":2,"31":0,"32":0,"33":0,"34":1,"35":2,"36":2,"37":3,"38":3,"39":3,"40":3,"41":0,"42":3,"43":3,"44":3,"45":1,"46":3,"47":1,"48":1,"49":1,"50":1,"51":1,"52":1,"53":1,"54":1,"55":1,"56":1,"57":0,"58":1,"59":6,"60":6,"61":1,"62":2,"63":0,"64":2,"65":1,"66":1,"67":0,"68":0,"69":0,"70":0,"71":0,"72":0,"73":0,"74":0,"75":0,"76":0,"77":0,"78":0,"79":0,"80":0,"81":0,"82":0,"83":0},"b":{"1":[2,1,1,1],"2":[1,1,1,1],"3":[1,1],"4":[2,2],"5":[1,1],"6":[1,1],"7":[2,0],"8":[2,1,1,1,1,1],"9":[0,2,0],"10":[1,1],"11":[2,1,1],"12":[1,0],"13":[0,2],"14":[2,0,0,0,0,0,0],"15":[0,3],"16":[3,0],"17":[1,1],"18":[0,1],"19":[1,2,0,2],"20":[1,0],"21":[1,1],"22":[0,0],"23":[0,0],"24":[0,0],"25":[0,0],"26":[0,0],"27":[0,0],"28":[0,0]},"f":{"1":2,"2":2,"3":2,"4":2,"5":2,"6":2,"7":3,"8":3,"9":3,"10":1,"11":6,"12":0},"fnMap":{"1":{"name":"(anonymous_1)","line":26,"loc":{"start":{"line":26,"column":1},"end":{"line":26,"column":13}}},"2":{"name":"(anonymous_2)","line":33,"loc":{"start":{"line":33,"column":5},"end":{"line":33,"column":17}}},"3":{"name":"(anonymous_3)","line":37,"loc":{"start":{"line":37,"column":24},"end":{"line":37,"column":36}}},"4":{"name":"(anonymous_4)","line":69,"loc":{"start":{"line":69,"column":31},"end":{"line":69,"column":48}},"skip":true},"5":{"name":"(anonymous_5)","line":78,"loc":{"start":{"line":78,"column":26},"end":{"line":78,"column":45}},"skip":true},"6":{"name":"(anonymous_6)","line":123,"loc":{"start":{"line":123,"column":33},"end":{"line":123,"column":48}},"skip":true},"7":{"name":"(anonymous_7)","line":125,"loc":{"start":{"line":125,"column":27},"end":{"line":125,"column":39}},"skip":true},"8":{"name":"(anonymous_8)","line":133,"loc":{"start":{"line":133,"column":59},"end":{"line":133,"column":74}},"skip":true},"9":{"name":"(anonymous_9)","line":143,"loc":{"start":{"line":143,"column":45},"end":{"line":143,"column":62}},"skip":true},"10":{"name":"(anonymous_10)","line":144,"loc":{"start":{"line":144,"column":73},"end":{"line":144,"column":92}},"skip":true},"11":{"name":"(anonymous_11)","line":272,"loc":{"start":{"line":272,"column":51},"end":{"line":272,"column":77}},"skip":true},"12":{"name":"(anonymous_12)","line":314,"loc":{"start":{"line":314,"column":32},"end":{"line":314,"column":61}},"skip":true}},"statementMap":{"1":{"start":{"line":26,"column":0},"end":{"line":325,"column":5}},"2":{"start":{"line":28,"column":4},"end":{"line":28,"column":14}},"3":{"start":{"line":33,"column":4},"end":{"line":60,"column":9}},"4":{"start":{"line":35,"column":8},"end":{"line":35,"column":19}},"5":{"start":{"line":37,"column":8},"end":{"line":49,"column":13}},"6":{"start":{"line":38,"column":12},"end":{"line":48,"column":13}},"7":{"start":{"line":39,"column":16},"end":{"line":42,"column":30}},"8":{"start":{"line":44,"column":16},"end":{"line":47,"column":27}},"9":{"start":{"line":51,"column":8},"end":{"line":53,"column":21}},"10":{"start":{"line":55,"column":8},"end":{"line":57,"column":45}},"11":{"start":{"line":59,"column":8},"end":{"line":59,"column":35}},"12":{"start":{"line":61,"column":4},"end":{"line":324,"column":5}},"13":{"start":{"line":69,"column":8},"end":{"line":121,"column":10},"skip":true},"14":{"start":{"line":70,"column":12},"end":{"line":88,"column":13},"skip":true},"15":{"start":{"line":76,"column":16},"end":{"line":87,"column":19},"skip":true},"16":{"start":{"line":79,"column":20},"end":{"line":86,"column":21},"skip":true},"17":{"start":{"line":82,"column":24},"end":{"line":82,"column":43},"skip":true},"18":{"start":{"line":83,"column":24},"end":{"line":83,"column":30},"skip":true},"19":{"start":{"line":85,"column":24},"end":{"line":85,"column":49},"skip":true},"20":{"start":{"line":89,"column":12},"end":{"line":107,"column":13},"skip":true},"21":{"start":{"line":92,"column":16},"end":{"line":102,"column":17},"skip":true},"22":{"start":{"line":93,"column":20},"end":{"line":93,"column":86},"skip":true},"23":{"start":{"line":94,"column":20},"end":{"line":95,"column":45},"skip":true},"24":{"start":{"line":96,"column":20},"end":{"line":96,"column":42},"skip":true},"25":{"start":{"line":97,"column":20},"end":{"line":97,"column":48},"skip":true},"26":{"start":{"line":100,"column":20},"end":{"line":100,"column":85},"skip":true},"27":{"start":{"line":101,"column":20},"end":{"line":101,"column":96},"skip":true},"28":{"start":{"line":103,"column":16},"end":{"line":103,"column":22},"skip":true},"29":{"start":{"line":106,"column":16},"end":{"line":106,"column":22},"skip":true},"30":{"start":{"line":108,"column":12},"end":{"line":120,"column":13},"skip":true},"31":{"start":{"line":114,"column":16},"end":{"line":119,"column":17},"skip":true},"32":{"start":{"line":116,"column":20},"end":{"line":116,"column":78},"skip":true},"33":{"start":{"line":118,"column":20},"end":{"line":118,"column":47},"skip":true},"34":{"start":{"line":123,"column":8},"end":{"line":141,"column":11},"skip":true},"35":{"start":{"line":124,"column":12},"end":{"line":124,"column":54},"skip":true},"36":{"start":{"line":125,"column":12},"end":{"line":140,"column":14},"skip":true},"37":{"start":{"line":126,"column":16},"end":{"line":126,"column":28},"skip":true},"38":{"start":{"line":127,"column":16},"end":{"line":127,"column":69},"skip":true},"39":{"start":{"line":128,"column":16},"end":{"line":128,"column":75},"skip":true},"40":{"start":{"line":129,"column":16},"end":{"line":131,"column":17},"skip":true},"41":{"start":{"line":130,"column":20},"end":{"line":130,"column":27},"skip":true},"42":{"start":{"line":133,"column":16},"end":{"line":137,"column":36},"skip":true},"43":{"start":{"line":134,"column":20},"end":{"line":136,"column":55},"skip":true},"44":{"start":{"line":139,"column":16},"end":{"line":139,"column":57},"skip":true},"45":{"start":{"line":143,"column":8},"end":{"line":147,"column":11},"skip":true},"46":{"start":{"line":144,"column":12},"end":{"line":146,"column":15},"skip":true},"47":{"start":{"line":145,"column":16},"end":{"line":145,"column":70},"skip":true},"48":{"start":{"line":149,"column":8},"end":{"line":149,"column":31},"skip":true},"49":{"start":{"line":150,"column":8},"end":{"line":150,"column":14},"skip":true},"50":{"start":{"line":158,"column":8},"end":{"line":158,"column":31},"skip":true},"51":{"start":{"line":160,"column":8},"end":{"line":160,"column":33},"skip":true},"52":{"start":{"line":161,"column":8},"end":{"line":161,"column":37},"skip":true},"53":{"start":{"line":162,"column":8},"end":{"line":162,"column":35},"skip":true},"54":{"start":{"line":164,"column":8},"end":{"line":164,"column":50},"skip":true},"55":{"start":{"line":166,"column":8},"end":{"line":256,"column":2},"skip":true},"56":{"start":{"line":258,"column":8},"end":{"line":286,"column":9},"skip":true},"57":{"start":{"line":259,"column":12},"end":{"line":269,"column":14},"skip":true},"58":{"start":{"line":271,"column":12},"end":{"line":285,"column":19},"skip":true},"59":{"start":{"line":274,"column":20},"end":{"line":274,"column":35},"skip":true},"60":{"start":{"line":275,"column":20},"end":{"line":284,"column":21},"skip":true},"61":{"start":{"line":277,"column":24},"end":{"line":277,"column":64},"skip":true},"62":{"start":{"line":279,"column":24},"end":{"line":279,"column":40},"skip":true},"63":{"start":{"line":281,"column":24},"end":{"line":281,"column":40},"skip":true},"64":{"start":{"line":283,"column":24},"end":{"line":283,"column":39},"skip":true},"65":{"start":{"line":288,"column":8},"end":{"line":290,"column":9},"skip":true},"66":{"start":{"line":289,"column":12},"end":{"line":289,"column":18},"skip":true},"67":{"start":{"line":291,"column":8},"end":{"line":293,"column":54},"skip":true},"68":{"start":{"line":294,"column":8},"end":{"line":301,"column":37},"skip":true},"69":{"start":{"line":302,"column":8},"end":{"line":302,"column":82},"skip":true},"70":{"start":{"line":305,"column":8},"end":{"line":307,"column":9},"skip":true},"71":{"start":{"line":306,"column":12},"end":{"line":306,"column":82},"skip":true},"72":{"start":{"line":309,"column":8},"end":{"line":311,"column":9},"skip":true},"73":{"start":{"line":310,"column":12},"end":{"line":310,"column":18},"skip":true},"74":{"start":{"line":312,"column":8},"end":{"line":312,"column":54},"skip":true},"75":{"start":{"line":313,"column":8},"end":{"line":313,"column":69},"skip":true},"76":{"start":{"line":314,"column":8},"end":{"line":322,"column":36},"skip":true},"77":{"start":{"line":315,"column":12},"end":{"line":315,"column":61},"skip":true},"78":{"start":{"line":316,"column":12},"end":{"line":319,"column":13},"skip":true},"79":{"start":{"line":317,"column":16},"end":{"line":317,"column":75},"skip":true},"80":{"start":{"line":318,"column":16},"end":{"line":318,"column":23},"skip":true},"81":{"start":{"line":320,"column":12},"end":{"line":320,"column":38},"skip":true},"82":{"start":{"line":321,"column":12},"end":{"line":321,"column":27},"skip":true},"83":{"start":{"line":323,"column":8},"end":{"line":323,"column":14},"skip":true}},"branchMap":{"1":{"line":39,"type":"binary-expr","locations":[{"start":{"line":39,"column":23},"end":{"line":39,"column":62}},{"start":{"line":40,"column":20},"end":{"line":40,"column":70}},{"start":{"line":41,"column":20},"end":{"line":41,"column":71}},{"start":{"line":42,"column":20},"end":{"line":42,"column":29}}]},"2":{"line":44,"type":"binary-expr","locations":[{"start":{"line":44,"column":23},"end":{"line":44,"column":37}},{"start":{"line":45,"column":20},"end":{"line":45,"column":61}},{"start":{"line":46,"column":20},"end":{"line":46,"column":70}},{"start":{"line":47,"column":20},"end":{"line":47,"column":26}}]},"3":{"line":51,"type":"cond-expr","locations":[{"start":{"line":52,"column":14},"end":{"line":52,"column":20}},{"start":{"line":53,"column":14},"end":{"line":53,"column":20}}]},"4":{"line":55,"type":"binary-expr","locations":[{"start":{"line":55,"column":16},"end":{"line":55,"column":44}},{"start":{"line":55,"column":49},"end":{"line":57,"column":43}}]},"5":{"line":55,"type":"cond-expr","locations":[{"start":{"line":56,"column":14},"end":{"line":56,"column":51}},{"start":{"line":57,"column":14},"end":{"line":57,"column":43}}]},"6":{"line":61,"type":"switch","locations":[{"start":{"line":68,"column":4},"end":{"line":150,"column":14},"skip":true},{"start":{"line":156,"column":4},"end":{"line":323,"column":14},"skip":true}]},"7":{"line":70,"type":"if","locations":[{"start":{"line":70,"column":12},"end":{"line":70,"column":12},"skip":true},{"start":{"line":70,"column":12},"end":{"line":70,"column":12},"skip":true}]},"8":{"line":70,"type":"binary-expr","locations":[{"start":{"line":70,"column":16},"end":{"line":70,"column":22},"skip":true},{"start":{"line":70,"column":27},"end":{"line":70,"column":32},"skip":true},{"start":{"line":71,"column":20},"end":{"line":71,"column":39},"skip":true},{"start":{"line":72,"column":20},"end":{"line":72,"column":49},"skip":true},{"start":{"line":73,"column":20},"end":{"line":73,"column":58},"skip":true},{"start":{"line":74,"column":20},"end":{"line":74,"column":69},"skip":true}]},"9":{"line":79,"type":"switch","locations":[{"start":{"line":80,"column":20},"end":{"line":80,"column":33},"skip":true},{"start":{"line":81,"column":20},"end":{"line":83,"column":30},"skip":true},{"start":{"line":84,"column":20},"end":{"line":85,"column":49},"skip":true}]},"10":{"line":89,"type":"switch","locations":[{"start":{"line":90,"column":12},"end":{"line":103,"column":22},"skip":true},{"start":{"line":105,"column":12},"end":{"line":106,"column":22},"skip":true}]},"11":{"line":89,"type":"binary-expr","locations":[{"start":{"line":89,"column":20},"end":{"line":89,"column":25},"skip":true},{"start":{"line":89,"column":29},"end":{"line":89,"column":48},"skip":true},{"start":{"line":89,"column":52},"end":{"line":89,"column":74},"skip":true}]},"12":{"line":92,"type":"if","locations":[{"start":{"line":92,"column":16},"end":{"line":92,"column":16},"skip":true},{"start":{"line":92,"column":16},"end":{"line":92,"column":16},"skip":true}]},"13":{"line":108,"type":"if","locations":[{"start":{"line":108,"column":12},"end":{"line":108,"column":12},"skip":true},{"start":{"line":108,"column":12},"end":{"line":108,"column":12},"skip":true}]},"14":{"line":108,"type":"binary-expr","locations":[{"start":{"line":108,"column":16},"end":{"line":108,"column":61},"skip":true},{"start":{"line":108,"column":66},"end":{"line":108,"column":72},"skip":true},{"start":{"line":108,"column":77},"end":{"line":108,"column":82},"skip":true},{"start":{"line":109,"column":20},"end":{"line":109,"column":39},"skip":true},{"start":{"line":110,"column":20},"end":{"line":110,"column":49},"skip":true},{"start":{"line":111,"column":20},"end":{"line":111,"column":58},"skip":true},{"start":{"line":112,"column":20},"end":{"line":112,"column":68},"skip":true}]},"15":{"line":129,"type":"if","locations":[{"start":{"line":129,"column":16},"end":{"line":129,"column":16},"skip":true},{"start":{"line":129,"column":16},"end":{"line":129,"column":16},"skip":true}]},"16":{"line":134,"type":"cond-expr","locations":[{"start":{"line":135,"column":26},"end":{"line":135,"column":29},"skip":true},{"start":{"line":136,"column":26},"end":{"line":136,"column":54},"skip":true}]},"17":{"line":164,"type":"binary-expr","locations":[{"start":{"line":164,"column":27},"end":{"line":164,"column":43},"skip":true},{"start":{"line":164,"column":47},"end":{"line":164,"column":49},"skip":true}]},"18":{"line":258,"type":"if","locations":[{"start":{"line":258,"column":8},"end":{"line":258,"column":8},"skip":true},{"start":{"line":258,"column":8},"end":{"line":258,"column":8},"skip":true}]},"19":{"line":275,"type":"switch","locations":[{"start":{"line":276,"column":20},"end":{"line":277,"column":64},"skip":true},{"start":{"line":278,"column":20},"end":{"line":279,"column":40},"skip":true},{"start":{"line":280,"column":20},"end":{"line":281,"column":40},"skip":true},{"start":{"line":282,"column":20},"end":{"line":283,"column":39},"skip":true}]},"20":{"line":288,"type":"if","locations":[{"start":{"line":288,"column":8},"end":{"line":288,"column":8},"skip":true},{"start":{"line":288,"column":8},"end":{"line":288,"column":8},"skip":true}]},"21":{"line":288,"type":"binary-expr","locations":[{"start":{"line":288,"column":12},"end":{"line":288,"column":40},"skip":true},{"start":{"line":288,"column":44},"end":{"line":288,"column":67},"skip":true}]},"22":{"line":292,"type":"binary-expr","locations":[{"start":{"line":292,"column":12},"end":{"line":292,"column":50},"skip":true},{"start":{"line":293,"column":12},"end":{"line":293,"column":53},"skip":true}]},"23":{"line":295,"type":"binary-expr","locations":[{"start":{"line":295,"column":12},"end":{"line":295,"column":65},"skip":true},{"start":{"line":296,"column":12},"end":{"line":301,"column":36},"skip":true}]},"24":{"line":302,"type":"binary-expr","locations":[{"start":{"line":302,"column":43},"end":{"line":302,"column":75},"skip":true},{"start":{"line":302,"column":79},"end":{"line":302,"column":81},"skip":true}]},"25":{"line":305,"type":"if","locations":[{"start":{"line":305,"column":8},"end":{"line":305,"column":8},"skip":true},{"start":{"line":305,"column":8},"end":{"line":305,"column":8},"skip":true}]},"26":{"line":309,"type":"if","locations":[{"start":{"line":309,"column":8},"end":{"line":309,"column":8},"skip":true},{"start":{"line":309,"column":8},"end":{"line":309,"column":8},"skip":true}]},"27":{"line":312,"type":"binary-expr","locations":[{"start":{"line":312,"column":27},"end":{"line":312,"column":43},"skip":true},{"start":{"line":312,"column":47},"end":{"line":312,"column":53},"skip":true}]},"28":{"line":316,"type":"if","locations":[{"start":{"line":316,"column":12},"end":{"line":316,"column":12},"skip":true},{"start":{"line":316,"column":12},"end":{"line":316,"column":12},"skip":true}]}},"code":["/*","example.js","","quickstart example","","instruction","    1. save this script as example.js","    2. run the shell command:","        $ npm install npmtest-specify && PORT=8081 node example.js","    3. play with the browser-demo on http://127.0.0.1:8081","*/","","","","/* istanbul instrument in package npmtest_specify */","/*jslint","    bitwise: true,","    browser: true,","    maxerr: 8,","    maxlen: 96,","    node: true,","    nomen: true,","    regexp: true,","    stupid: true","*/","(function () {","    'use strict';","    var local;","","","","    // run shared js-env code - pre-init","    (function () {","        // init local","        local = {};","        // init modeJs","        local.modeJs = (function () {","            try {","                return typeof navigator.userAgent === 'string' &&","                    typeof document.querySelector('body') === 'object' &&","                    typeof XMLHttpRequest.prototype.open === 'function' &&","                    'browser';","            } catch (errorCaughtBrowser) {","                return module.exports &&","                    typeof process.versions.node === 'string' &&","                    typeof require('http').createServer === 'function' &&","                    'node';","            }","        }());","        // init global","        local.global = local.modeJs === 'browser'","            ? window","            : global;","        // init utility2_rollup","        local = local.global.utility2_rollup || (local.modeJs === 'browser'","            ? local.global.utility2_npmtest_specify","            : global.utility2_moduleExports);","        // export local","        local.global.local = local;","    }());","    switch (local.modeJs) {","","","","    // post-init","    // run browser js-env code - post-init","    /* istanbul ignore next */","    case 'browser':","        local.testRunBrowser = function (event) {","            if (!event || (event &&","                    event.currentTarget &&","                    event.currentTarget.className &&","                    event.currentTarget.className.includes &&","                    event.currentTarget.className.includes('onreset'))) {","                // reset output","                Array.from(","                    document.querySelectorAll('body > .resettable')","                ).forEach(function (element) {","                    switch (element.tagName) {","                    case 'INPUT':","                    case 'TEXTAREA':","                        element.value = '';","                        break;","                    default:","                        element.textContent = '';","                    }","                });","            }","            switch (event && event.currentTarget && event.currentTarget.id) {","            case 'testRunButton1':","                // show tests","                if (document.querySelector('#testReportDiv1').style.display === 'none') {","                    document.querySelector('#testReportDiv1').style.display = 'block';","                    document.querySelector('#testRunButton1').textContent =","                        'hide internal test';","                    local.modeTest = true;","                    local.testRunDefault(local);","                // hide tests","                } else {","                    document.querySelector('#testReportDiv1').style.display = 'none';","                    document.querySelector('#testRunButton1').textContent = 'run internal test';","                }","                break;","            // custom-case","            default:","                break;","            }","            if (document.querySelector('#inputTextareaEval1') && (!event || (event &&","                    event.currentTarget &&","                    event.currentTarget.className &&","                    event.currentTarget.className.includes &&","                    event.currentTarget.className.includes('oneval')))) {","                // try to eval input-code","                try {","                    /*jslint evil: true*/","                    eval(document.querySelector('#inputTextareaEval1').value);","                } catch (errorCaught) {","                    console.error(errorCaught);","                }","            }","        };","        // log stderr and stdout to #outputTextareaStdout1","        ['error', 'log'].forEach(function (key) {","            console[key + '_original'] = console[key];","            console[key] = function () {","                var element;","                console[key + '_original'].apply(console, arguments);","                element = document.querySelector('#outputTextareaStdout1');","                if (!element) {","                    return;","                }","                // append text to #outputTextareaStdout1","                element.value += Array.from(arguments).map(function (arg) {","                    return typeof arg === 'string'","                        ? arg","                        : JSON.stringify(arg, null, 4);","                }).join(' ') + '\\n';","                // scroll textarea to bottom","                element.scrollTop = element.scrollHeight;","            };","        });","        // init event-handling","        ['change', 'click', 'keyup'].forEach(function (event) {","            Array.from(document.querySelectorAll('.on' + event)).forEach(function (element) {","                element.addEventListener(event, local.testRunBrowser);","            });","        });","        // run tests","        local.testRunBrowser();","        break;","","","","    // run node js-env code - post-init","    /* istanbul ignore next */","    case 'node':","        // export local","        module.exports = local;","        // require modules","        local.fs = require('fs');","        local.http = require('http');","        local.url = require('url');","        // init assets","        local.assetsDict = local.assetsDict || {};","        /* jslint-ignore-begin */","        local.assetsDict['/assets.index.template.html'] = '\\","<!doctype html>\\n\\","<html lang=\"en\">\\n\\","<head>\\n\\","<meta charset=\"UTF-8\">\\n\\","<meta name=\"viewport\" content=\"width=device-width, initial-scale=1\">\\n\\","<title>{{env.npm_package_name}} (v{{env.npm_package_version}})</title>\\n\\","<style>\\n\\","/*csslint\\n\\","    box-sizing: false,\\n\\","    universal-selector: false\\n\\","*/\\n\\","* {\\n\\","    box-sizing: border-box;\\n\\","}\\n\\","body {\\n\\","    background: #dde;\\n\\","    font-family: Arial, Helvetica, sans-serif;\\n\\","    margin: 2rem;\\n\\","}\\n\\","body > * {\\n\\","    margin-bottom: 1rem;\\n\\","}\\n\\",".utility2FooterDiv {\\n\\","    margin-top: 20px;\\n\\","    text-align: center;\\n\\","}\\n\\","</style>\\n\\","<style>\\n\\","/*csslint\\n\\","*/\\n\\","textarea {\\n\\","    font-family: monospace;\\n\\","    height: 10rem;\\n\\","    width: 100%;\\n\\","}\\n\\","textarea[readonly] {\\n\\","    background: #ddd;\\n\\","}\\n\\","</style>\\n\\","</head>\\n\\","<body>\\n\\","<!-- utility2-comment\\n\\","<div id=\"ajaxProgressDiv1\" style=\"background: #d00; height: 2px; left: 0; margin: 0; padding: 0; position: fixed; top: 0; transition: background 0.5s, width 1.5s; width: 25%;\"></div>\\n\\","utility2-comment -->\\n\\","<h1>\\n\\","<!-- utility2-comment\\n\\","    <a\\n\\","        {{#if env.npm_package_homepage}}\\n\\","        href=\"{{env.npm_package_homepage}}\"\\n\\","        {{/if env.npm_package_homepage}}\\n\\","        target=\"_blank\"\\n\\","    >\\n\\","utility2-comment -->\\n\\","        {{env.npm_package_name}} (v{{env.npm_package_version}})\\n\\","<!-- utility2-comment\\n\\","    </a>\\n\\","utility2-comment -->\\n\\","</h1>\\n\\","<h3>{{env.npm_package_description}}</h3>\\n\\","<!-- utility2-comment\\n\\","<h4><a download href=\"assets.app.js\">download standalone app</a></h4>\\n\\","<button class=\"onclick onreset\" id=\"testRunButton1\">run internal test</button><br>\\n\\","<div id=\"testReportDiv1\" style=\"display: none;\"></div>\\n\\","utility2-comment -->\\n\\","\\n\\","\\n\\","\\n\\","<label>stderr and stdout</label>\\n\\","<textarea class=\"resettable\" id=\"outputTextareaStdout1\" readonly></textarea>\\n\\","<!-- utility2-comment\\n\\","{{#if isRollup}}\\n\\","<script src=\"assets.app.js\"></script>\\n\\","{{#unless isRollup}}\\n\\","utility2-comment -->\\n\\","<script src=\"assets.utility2.rollup.js\"></script>\\n\\","<script src=\"jsonp.utility2._stateInit?callback=window.utility2._stateInit\"></script>\\n\\","<script src=\"assets.npmtest_specify.rollup.js\"></script>\\n\\","<script src=\"assets.example.js\"></script>\\n\\","<script src=\"assets.test.js\"></script>\\n\\","<!-- utility2-comment\\n\\","{{/if isRollup}}\\n\\","utility2-comment -->\\n\\","<div class=\"utility2FooterDiv\">\\n\\","    [ this app was created with\\n\\","    <a href=\"https://github.com/kaizhu256/node-utility2\" target=\"_blank\">utility2</a>\\n\\","    ]\\n\\","</div>\\n\\","</body>\\n\\","</html>\\n\\","';","        /* jslint-ignore-end */","        if (local.templateRender) {","            local.assetsDict['/'] = local.templateRender(","                local.assetsDict['/assets.index.template.html'],","                {","                    env: local.objectSetDefault(local.env, {","                        npm_package_description: 'the greatest app in the world!',","                        npm_package_name: 'my-app',","                        npm_package_nameAlias: 'my_app',","                        npm_package_version: '0.0.1'","                    })","                }","            );","        } else {","            local.assetsDict['/'] = local.assetsDict['/assets.index.template.html']","                .replace((/\\{\\{env\\.(\\w+?)\\}\\}/g), function (match0, match1) {","                    // jslint-hack","                    String(match0);","                    switch (match1) {","                    case 'npm_package_description':","                        return 'the greatest app in the world!';","                    case 'npm_package_name':","                        return 'my-app';","                    case 'npm_package_nameAlias':","                        return 'my_app';","                    case 'npm_package_version':","                        return '0.0.1';","                    }","                });","        }","        // run the cli","        if (local.global.utility2_rollup || module !== require.main) {","            break;","        }","        local.assetsDict['/assets.example.js'] =","            local.assetsDict['/assets.example.js'] ||","            local.fs.readFileSync(__filename, 'utf8');","        local.assetsDict['/assets.npmtest_specify.rollup.js'] =","            local.assetsDict['/assets.npmtest_specify.rollup.js'] ||","            local.fs.readFileSync(","                // buildCustomOrg-hack","                local.npmtest_specify.__dirname +","                    '/lib.npmtest_specify.js',","                'utf8'","            ).replace((/^#!/), '//');","        local.assetsDict['/favicon.ico'] = local.assetsDict['/favicon.ico'] || '';","        // if $npm_config_timeout_exit exists,","        // then exit this process after $npm_config_timeout_exit ms","        if (Number(process.env.npm_config_timeout_exit)) {","            setTimeout(process.exit, Number(process.env.npm_config_timeout_exit));","        }","        // start server","        if (local.global.utility2_serverHttp1) {","            break;","        }","        process.env.PORT = process.env.PORT || '8081';","        console.error('server starting on port ' + process.env.PORT);","        local.http.createServer(function (request, response) {","            request.urlParsed = local.url.parse(request.url);","            if (local.assetsDict[request.urlParsed.pathname] !== undefined) {","                response.end(local.assetsDict[request.urlParsed.pathname]);","                return;","            }","            response.statusCode = 404;","            response.end();","        }).listen(process.env.PORT);","        break;","    }","}());",""],"l":{"26":2,"28":2,"33":2,"35":2,"37":2,"38":2,"39":2,"44":1,"51":2,"55":2,"59":2,"61":2,"69":1,"70":2,"76":2,"79":2,"82":2,"83":2,"85":1,"89":2,"92":1,"93":1,"94":1,"96":1,"97":1,"100":1,"101":1,"103":1,"106":1,"108":2,"114":1,"116":1,"118":1,"123":1,"124":2,"125":2,"126":3,"127":3,"128":3,"129":3,"130":1,"133":3,"134":3,"139":3,"143":1,"144":3,"145":1,"149":1,"150":1,"158":1,"160":1,"161":1,"162":1,"164":1,"166":1,"258":1,"259":1,"271":1,"274":6,"275":6,"277":1,"279":2,"281":1,"283":2,"288":1,"289":1,"291":1,"294":1,"302":1,"305":1,"306":1,"309":1,"310":1,"312":1,"313":1,"314":1,"315":1,"316":1,"317":1,"318":1,"320":1,"321":1,"323":1}},"/home/travis/build/npmtest/node-npmtest-specify/node_modules/specify/specify.js":{"path":"/home/travis/build/npmtest/node-npmtest-specify/node_modules/specify/specify.js","s":{"1":1,"2":1,"3":3,"4":1,"5":1,"6":1,"7":1,"8":0,"9":0,"10":0,"11":0,"12":0,"13":0,"14":0,"15":0,"16":0,"17":0,"18":0,"19":0,"20":0,"21":0,"22":0,"23":0,"24":0,"25":0,"26":0,"27":0,"28":0,"29":0,"30":0,"31":1,"32":0,"33":0,"34":0,"35":1,"36":0,"37":0,"38":0,"39":0,"40":0,"41":0,"42":0,"43":1,"44":0,"45":0,"46":0,"47":0,"48":0,"49":0,"50":0,"51":0,"52":0,"53":0,"54":0,"55":0,"56":0,"57":0,"58":0,"59":0,"60":0,"61":0,"62":0,"63":0,"64":0,"65":0,"66":0,"67":0,"68":0,"69":0,"70":0,"71":0,"72":0,"73":0,"74":0,"75":0,"76":0,"77":0,"78":0,"79":0,"80":0,"81":0,"82":0,"83":0,"84":0,"85":0,"86":0,"87":1,"88":0,"89":1,"90":0,"91":0,"92":0,"93":0,"94":0,"95":0,"96":0,"97":0,"98":0,"99":1,"100":0,"101":0,"102":0,"103":0,"104":0,"105":0,"106":0,"107":0,"108":0,"109":0,"110":0,"111":0,"112":0,"113":0,"114":0,"115":1,"116":0,"117":0,"118":0,"119":0,"120":0,"121":0,"122":0,"123":0,"124":0,"125":0,"126":0,"127":0,"128":0,"129":0,"130":0,"131":0,"132":0,"133":0,"134":1},"b":{"1":[1,1],"2":[0,1],"3":[0,1],"4":[0,0],"5":[0,0],"6":[0,0],"7":[0,0],"8":[0,0],"9":[0,0],"10":[0,0],"11":[0,0],"12":[0,0],"13":[0,0],"14":[0,0],"15":[0,0],"16":[0,0],"17":[0,0],"18":[0,0,0],"19":[0,0],"20":[0,0,0],"21":[0,0],"22":[0,0],"23":[0,0],"24":[0,0],"25":[0,0],"26":[0,0],"27":[0,0],"28":[0,0],"29":[0,0],"30":[0,0],"31":[0,0],"32":[0,0],"33":[0,0],"34":[0,0],"35":[0,0]},"f":{"1":3,"2":1,"3":0,"4":0,"5":0,"6":0,"7":0,"8":0,"9":0,"10":0,"11":0,"12":0,"13":0,"14":0,"15":0,"16":0,"17":0,"18":0,"19":0,"20":0,"21":0,"22":0,"23":0,"24":0,"25":0},"fnMap":{"1":{"name":"(anonymous_1)","line":18,"loc":{"start":{"line":18,"column":11},"end":{"line":18,"column":30}}},"2":{"name":"specify","line":22,"loc":{"start":{"line":22,"column":18},"end":{"line":22,"column":37}}},"3":{"name":"ensure_for","line":36,"loc":{"start":{"line":36,"column":2},"end":{"line":36,"column":49}}},"4":{"name":"(anonymous_4)","line":43,"loc":{"start":{"line":43,"column":23},"end":{"line":43,"column":43}}},"5":{"name":"(anonymous_5)","line":44,"loc":{"start":{"line":44,"column":26},"end":{"line":44,"column":38}}},"6":{"name":"(anonymous_6)","line":67,"loc":{"start":{"line":67,"column":20},"end":{"line":67,"column":34}}},"7":{"name":"check_globals","line":72,"loc":{"start":{"line":72,"column":2},"end":{"line":72,"column":28}}},"8":{"name":"(anonymous_8)","line":74,"loc":{"start":{"line":74,"column":35},"end":{"line":74,"column":49}}},"9":{"name":"traverse","line":83,"loc":{"start":{"line":83,"column":2},"end":{"line":83,"column":37}}},"10":{"name":"run_tests","line":99,"loc":{"start":{"line":99,"column":2},"end":{"line":99,"column":28}}},"11":{"name":"(anonymous_11)","line":106,"loc":{"start":{"line":106,"column":22},"end":{"line":106,"column":38}}},"12":{"name":"(anonymous_12)","line":131,"loc":{"start":{"line":131,"column":55},"end":{"line":131,"column":71}}},"13":{"name":"(anonymous_13)","line":141,"loc":{"start":{"line":141,"column":28},"end":{"line":141,"column":43}}},"14":{"name":"(anonymous_14)","line":159,"loc":{"start":{"line":159,"column":38},"end":{"line":159,"column":50}}},"15":{"name":"(anonymous_15)","line":161,"loc":{"start":{"line":161,"column":35},"end":{"line":161,"column":46}}},"16":{"name":"(anonymous_16)","line":165,"loc":{"start":{"line":165,"column":31},"end":{"line":165,"column":42}}},"17":{"name":"(anonymous_17)","line":167,"loc":{"start":{"line":167,"column":50},"end":{"line":167,"column":68}}},"18":{"name":"specify_test","line":187,"loc":{"start":{"line":187,"column":9},"end":{"line":187,"column":40}}},"19":{"name":"(anonymous_19)","line":191,"loc":{"start":{"line":191,"column":18},"end":{"line":191,"column":31}}},"20":{"name":"run_all_tests","line":206,"loc":{"start":{"line":206,"column":13},"end":{"line":206,"column":44}}},"21":{"name":"(anonymous_21)","line":216,"loc":{"start":{"line":216,"column":21},"end":{"line":216,"column":34}}},"22":{"name":"(anonymous_22)","line":217,"loc":{"start":{"line":217,"column":22},"end":{"line":217,"column":34}}},"23":{"name":"domainHandler","line":229,"loc":{"start":{"line":229,"column":2},"end":{"line":229,"column":36}}},"24":{"name":"(anonymous_24)","line":230,"loc":{"start":{"line":230,"column":11},"end":{"line":230,"column":26}}},"25":{"name":"(anonymous_25)","line":246,"loc":{"start":{"line":246,"column":13},"end":{"line":246,"column":26}}}},"statementMap":{"1":{"start":{"line":1,"column":0},"end":{"line":14,"column":3}},"2":{"start":{"line":17,"column":0},"end":{"line":20,"column":3}},"3":{"start":{"line":19,"column":4},"end":{"line":19,"column":77}},"4":{"start":{"line":22,"column":0},"end":{"line":260,"column":5}},"5":{"start":{"line":23,"column":2},"end":{"line":32,"column":5}},"6":{"start":{"line":34,"column":2},"end":{"line":34,"column":62}},"7":{"start":{"line":36,"column":2},"end":{"line":70,"column":3}},"8":{"start":{"line":37,"column":4},"end":{"line":37,"column":51}},"9":{"start":{"line":38,"column":4},"end":{"line":38,"column":58}},"10":{"start":{"line":39,"column":4},"end":{"line":39,"column":73}},"11":{"start":{"line":40,"column":4},"end":{"line":40,"column":40}},"12":{"start":{"line":41,"column":4},"end":{"line":41,"column":52}},"13":{"start":{"line":43,"column":4},"end":{"line":65,"column":7}},"14":{"start":{"line":44,"column":6},"end":{"line":64,"column":8}},"15":{"start":{"line":45,"column":8},"end":{"line":47,"column":9}},"16":{"start":{"line":46,"column":10},"end":{"line":46,"column":17}},"17":{"start":{"line":48,"column":8},"end":{"line":58,"column":9}},"18":{"start":{"line":49,"column":10},"end":{"line":49,"column":50}},"19":{"start":{"line":50,"column":10},"end":{"line":50,"column":30}},"20":{"start":{"line":51,"column":10},"end":{"line":51,"column":28}},"21":{"start":{"line":54,"column":10},"end":{"line":55,"column":68}},"22":{"start":{"line":56,"column":10},"end":{"line":56,"column":32}},"23":{"start":{"line":57,"column":10},"end":{"line":57,"column":30}},"24":{"start":{"line":59,"column":8},"end":{"line":59,"column":16}},"25":{"start":{"line":60,"column":8},"end":{"line":60,"column":55}},"26":{"start":{"line":61,"column":8},"end":{"line":63,"column":9}},"27":{"start":{"line":62,"column":10},"end":{"line":62,"column":24}},"28":{"start":{"line":67,"column":4},"end":{"line":67,"column":50}},"29":{"start":{"line":67,"column":36},"end":{"line":67,"column":47}},"30":{"start":{"line":68,"column":4},"end":{"line":68,"column":18}},"31":{"start":{"line":72,"column":2},"end":{"line":78,"column":3}},"32":{"start":{"line":73,"column":4},"end":{"line":76,"column":9}},"33":{"start":{"line":75,"column":8},"end":{"line":75,"column":37}},"34":{"start":{"line":77,"column":4},"end":{"line":77,"column":17}},"35":{"start":{"line":83,"column":2},"end":{"line":97,"column":3}},"36":{"start":{"line":84,"column":4},"end":{"line":86,"column":7}},"37":{"start":{"line":88,"column":4},"end":{"line":88,"column":31}},"38":{"start":{"line":89,"column":4},"end":{"line":96,"column":5}},"39":{"start":{"line":90,"column":6},"end":{"line":95,"column":7}},"40":{"start":{"line":91,"column":8},"end":{"line":91,"column":28}},"41":{"start":{"line":92,"column":8},"end":{"line":94,"column":9}},"42":{"start":{"line":93,"column":10},"end":{"line":93,"column":35}},"43":{"start":{"line":99,"column":2},"end":{"line":185,"column":3}},"44":{"start":{"line":100,"column":6},"end":{"line":103,"column":7}},"45":{"start":{"line":101,"column":8},"end":{"line":101,"column":28}},"46":{"start":{"line":102,"column":8},"end":{"line":102,"column":26}},"47":{"start":{"line":104,"column":6},"end":{"line":184,"column":7}},"48":{"start":{"line":105,"column":8},"end":{"line":105,"column":36}},"49":{"start":{"line":106,"column":8},"end":{"line":108,"column":11}},"50":{"start":{"line":107,"column":10},"end":{"line":107,"column":48}},"51":{"start":{"line":109,"column":8},"end":{"line":109,"column":57}},"52":{"start":{"line":110,"column":8},"end":{"line":110,"column":43}},"53":{"start":{"line":111,"column":8},"end":{"line":111,"column":57}},"54":{"start":{"line":114,"column":8},"end":{"line":119,"column":11}},"55":{"start":{"line":120,"column":8},"end":{"line":123,"column":9}},"56":{"start":{"line":121,"column":10},"end":{"line":121,"column":22}},"57":{"start":{"line":122,"column":10},"end":{"line":122,"column":30}},"58":{"start":{"line":125,"column":8},"end":{"line":127,"column":11}},"59":{"start":{"line":130,"column":8},"end":{"line":134,"column":9}},"60":{"start":{"line":131,"column":10},"end":{"line":133,"column":13}},"61":{"start":{"line":132,"column":12},"end":{"line":132,"column":30}},"62":{"start":{"line":136,"column":8},"end":{"line":181,"column":9}},"63":{"start":{"line":138,"column":10},"end":{"line":140,"column":13}},"64":{"start":{"line":141,"column":10},"end":{"line":153,"column":13}},"65":{"start":{"line":142,"column":12},"end":{"line":152,"column":13}},"66":{"start":{"line":145,"column":14},"end":{"line":145,"column":32}},"67":{"start":{"line":147,"column":17},"end":{"line":152,"column":13}},"68":{"start":{"line":151,"column":14},"end":{"line":151,"column":28}},"69":{"start":{"line":155,"column":10},"end":{"line":177,"column":11}},"70":{"start":{"line":156,"column":12},"end":{"line":156,"column":37}},"71":{"start":{"line":157,"column":12},"end":{"line":157,"column":45}},"72":{"start":{"line":158,"column":12},"end":{"line":158,"column":60}},"73":{"start":{"line":159,"column":12},"end":{"line":173,"column":15}},"74":{"start":{"line":160,"column":14},"end":{"line":164,"column":15}},"75":{"start":{"line":161,"column":16},"end":{"line":163,"column":28}},"76":{"start":{"line":162,"column":18},"end":{"line":162,"column":45}},"77":{"start":{"line":165,"column":14},"end":{"line":172,"column":17}},"78":{"start":{"line":166,"column":16},"end":{"line":166,"column":39}},"79":{"start":{"line":167,"column":16},"end":{"line":171,"column":20}},"80":{"start":{"line":168,"column":18},"end":{"line":168,"column":61}},"81":{"start":{"line":169,"column":18},"end":{"line":169,"column":54}},"82":{"start":{"line":170,"column":18},"end":{"line":170,"column":35}},"83":{"start":{"line":175,"column":12},"end":{"line":176,"column":73}},"84":{"start":{"line":179,"column":10},"end":{"line":180,"column":71}},"85":{"start":{"line":182,"column":8},"end":{"line":182,"column":30}},"86":{"start":{"line":183,"column":8},"end":{"line":183,"column":25}},"87":{"start":{"line":187,"column":2},"end":{"line":189,"column":4}},"88":{"start":{"line":188,"column":4},"end":{"line":188,"column":43}},"89":{"start":{"line":191,"column":2},"end":{"line":204,"column":4}},"90":{"start":{"line":192,"column":4},"end":{"line":202,"column":5}},"91":{"start":{"line":193,"column":6},"end":{"line":193,"column":18}},"92":{"start":{"line":194,"column":6},"end":{"line":194,"column":13}},"93":{"start":{"line":196,"column":9},"end":{"line":202,"column":5}},"94":{"start":{"line":197,"column":6},"end":{"line":197,"column":42}},"95":{"start":{"line":198,"column":6},"end":{"line":201,"column":7}},"96":{"start":{"line":199,"column":8},"end":{"line":199,"column":27}},"97":{"start":{"line":200,"column":8},"end":{"line":200,"column":15}},"98":{"start":{"line":203,"column":4},"end":{"line":203,"column":26}},"99":{"start":{"line":206,"column":2},"end":{"line":227,"column":4}},"100":{"start":{"line":207,"column":4},"end":{"line":210,"column":5}},"101":{"start":{"line":208,"column":6},"end":{"line":208,"column":34}},"102":{"start":{"line":209,"column":6},"end":{"line":209,"column":18}},"103":{"start":{"line":211,"column":4},"end":{"line":211,"column":63}},"104":{"start":{"line":212,"column":4},"end":{"line":212,"column":27}},"105":{"start":{"line":213,"column":4},"end":{"line":213,"column":60}},"106":{"start":{"line":214,"column":4},"end":{"line":226,"column":5}},"107":{"start":{"line":215,"column":6},"end":{"line":215,"column":30}},"108":{"start":{"line":216,"column":6},"end":{"line":221,"column":9}},"109":{"start":{"line":217,"column":8},"end":{"line":220,"column":11}},"110":{"start":{"line":218,"column":10},"end":{"line":218,"column":26}},"111":{"start":{"line":219,"column":10},"end":{"line":219,"column":46}},"112":{"start":{"line":219,"column":23},"end":{"line":219,"column":46}},"113":{"start":{"line":222,"column":6},"end":{"line":222,"column":32}},"114":{"start":{"line":225,"column":6},"end":{"line":225,"column":23}},"115":{"start":{"line":229,"column":2},"end":{"line":257,"column":3}},"116":{"start":{"line":230,"column":4},"end":{"line":256,"column":6}},"117":{"start":{"line":231,"column":6},"end":{"line":231,"column":48}},"118":{"start":{"line":232,"column":6},"end":{"line":236,"column":7}},"119":{"start":{"line":235,"column":8},"end":{"line":235,"column":15}},"120":{"start":{"line":237,"column":6},"end":{"line":237,"column":18}},"121":{"start":{"line":238,"column":6},"end":{"line":243,"column":7}},"122":{"start":{"line":239,"column":8},"end":{"line":241,"column":22}},"123":{"start":{"line":242,"column":8},"end":{"line":242,"column":18}},"124":{"start":{"line":244,"column":6},"end":{"line":244,"column":59}},"125":{"start":{"line":245,"column":6},"end":{"line":246,"column":60}},"126":{"start":{"line":246,"column":28},"end":{"line":246,"column":56}},"127":{"start":{"line":247,"column":6},"end":{"line":247,"column":76}},"128":{"start":{"line":248,"column":6},"end":{"line":248,"column":65}},"129":{"start":{"line":249,"column":6},"end":{"line":249,"column":41}},"130":{"start":{"line":250,"column":6},"end":{"line":250,"column":30}},"131":{"start":{"line":251,"column":6},"end":{"line":252,"column":75}},"132":{"start":{"line":253,"column":6},"end":{"line":254,"column":32}},"133":{"start":{"line":255,"column":6},"end":{"line":255,"column":40}},"134":{"start":{"line":259,"column":2},"end":{"line":259,"column":14}}},"branchMap":{"1":{"line":10,"type":"binary-expr","locations":[{"start":{"line":10,"column":20},"end":{"line":10,"column":50}},{"start":{"line":10,"column":57},"end":{"line":10,"column":61}}]},"2":{"line":11,"type":"cond-expr","locations":[{"start":{"line":11,"column":56},"end":{"line":11,"column":60}},{"start":{"line":11,"column":63},"end":{"line":11,"column":68}}]},"3":{"line":26,"type":"cond-expr","locations":[{"start":{"line":27,"column":8},"end":{"line":30,"column":38}},{"start":{"line":31,"column":8},"end":{"line":31,"column":17}}]},"4":{"line":27,"type":"cond-expr","locations":[{"start":{"line":29,"column":10},"end":{"line":29,"column":19}},{"start":{"line":30,"column":10},"end":{"line":30,"column":38}}]},"5":{"line":45,"type":"if","locations":[{"start":{"line":45,"column":8},"end":{"line":45,"column":8}},{"start":{"line":45,"column":8},"end":{"line":45,"column":8}}]},"6":{"line":61,"type":"if","locations":[{"start":{"line":61,"column":8},"end":{"line":61,"column":8}},{"start":{"line":61,"column":8},"end":{"line":61,"column":8}}]},"7":{"line":90,"type":"if","locations":[{"start":{"line":90,"column":6},"end":{"line":90,"column":6}},{"start":{"line":90,"column":6},"end":{"line":90,"column":6}}]},"8":{"line":92,"type":"if","locations":[{"start":{"line":92,"column":8},"end":{"line":92,"column":8}},{"start":{"line":92,"column":8},"end":{"line":92,"column":8}}]},"9":{"line":92,"type":"binary-expr","locations":[{"start":{"line":92,"column":12},"end":{"line":92,"column":37}},{"start":{"line":92,"column":41},"end":{"line":92,"column":55}}]},"10":{"line":100,"type":"if","locations":[{"start":{"line":100,"column":6},"end":{"line":100,"column":6}},{"start":{"line":100,"column":6},"end":{"line":100,"column":6}}]},"11":{"line":104,"type":"if","locations":[{"start":{"line":104,"column":6},"end":{"line":104,"column":6}},{"start":{"line":104,"column":6},"end":{"line":104,"column":6}}]},"12":{"line":111,"type":"cond-expr","locations":[{"start":{"line":111,"column":49},"end":{"line":111,"column":50}},{"start":{"line":111,"column":53},"end":{"line":111,"column":55}}]},"13":{"line":120,"type":"if","locations":[{"start":{"line":120,"column":8},"end":{"line":120,"column":8}},{"start":{"line":120,"column":8},"end":{"line":120,"column":8}}]},"14":{"line":130,"type":"if","locations":[{"start":{"line":130,"column":8},"end":{"line":130,"column":8}},{"start":{"line":130,"column":8},"end":{"line":130,"column":8}}]},"15":{"line":136,"type":"if","locations":[{"start":{"line":136,"column":8},"end":{"line":136,"column":8}},{"start":{"line":136,"column":8},"end":{"line":136,"column":8}}]},"16":{"line":136,"type":"binary-expr","locations":[{"start":{"line":136,"column":11},"end":{"line":136,"column":30}},{"start":{"line":136,"column":34},"end":{"line":136,"column":49}}]},"17":{"line":142,"type":"if","locations":[{"start":{"line":142,"column":12},"end":{"line":142,"column":12}},{"start":{"line":142,"column":12},"end":{"line":142,"column":12}}]},"18":{"line":142,"type":"binary-expr","locations":[{"start":{"line":142,"column":16},"end":{"line":142,"column":48}},{"start":{"line":143,"column":16},"end":{"line":143,"column":44}},{"start":{"line":144,"column":16},"end":{"line":144,"column":61}}]},"19":{"line":147,"type":"if","locations":[{"start":{"line":147,"column":17},"end":{"line":147,"column":17}},{"start":{"line":147,"column":17},"end":{"line":147,"column":17}}]},"20":{"line":147,"type":"binary-expr","locations":[{"start":{"line":147,"column":21},"end":{"line":147,"column":53}},{"start":{"line":148,"column":16},"end":{"line":148,"column":44}},{"start":{"line":149,"column":16},"end":{"line":149,"column":47}}]},"21":{"line":155,"type":"if","locations":[{"start":{"line":155,"column":10},"end":{"line":155,"column":10}},{"start":{"line":155,"column":10},"end":{"line":155,"column":10}}]},"22":{"line":155,"type":"binary-expr","locations":[{"start":{"line":155,"column":13},"end":{"line":155,"column":28}},{"start":{"line":155,"column":32},"end":{"line":155,"column":40}}]},"23":{"line":160,"type":"if","locations":[{"start":{"line":160,"column":14},"end":{"line":160,"column":14}},{"start":{"line":160,"column":14},"end":{"line":160,"column":14}}]},"24":{"line":192,"type":"if","locations":[{"start":{"line":192,"column":4},"end":{"line":192,"column":4}},{"start":{"line":192,"column":4},"end":{"line":192,"column":4}}]},"25":{"line":196,"type":"if","locations":[{"start":{"line":196,"column":9},"end":{"line":196,"column":9}},{"start":{"line":196,"column":9},"end":{"line":196,"column":9}}]},"26":{"line":198,"type":"if","locations":[{"start":{"line":198,"column":6},"end":{"line":198,"column":6}},{"start":{"line":198,"column":6},"end":{"line":198,"column":6}}]},"27":{"line":207,"type":"if","locations":[{"start":{"line":207,"column":4},"end":{"line":207,"column":4}},{"start":{"line":207,"column":4},"end":{"line":207,"column":4}}]},"28":{"line":213,"type":"cond-expr","locations":[{"start":{"line":213,"column":42},"end":{"line":213,"column":50}},{"start":{"line":213,"column":53},"end":{"line":213,"column":59}}]},"29":{"line":214,"type":"if","locations":[{"start":{"line":214,"column":4},"end":{"line":214,"column":4}},{"start":{"line":214,"column":4},"end":{"line":214,"column":4}}]},"30":{"line":214,"type":"binary-expr","locations":[{"start":{"line":214,"column":7},"end":{"line":214,"column":13}},{"start":{"line":214,"column":17},"end":{"line":214,"column":36}}]},"31":{"line":219,"type":"if","locations":[{"start":{"line":219,"column":10},"end":{"line":219,"column":10}},{"start":{"line":219,"column":10},"end":{"line":219,"column":10}}]},"32":{"line":232,"type":"if","locations":[{"start":{"line":232,"column":6},"end":{"line":232,"column":6}},{"start":{"line":232,"column":6},"end":{"line":232,"column":6}}]},"33":{"line":238,"type":"if","locations":[{"start":{"line":238,"column":6},"end":{"line":238,"column":6}},{"start":{"line":238,"column":6},"end":{"line":238,"column":6}}]},"34":{"line":244,"type":"cond-expr","locations":[{"start":{"line":244,"column":38},"end":{"line":244,"column":52}},{"start":{"line":244,"column":55},"end":{"line":244,"column":58}}]},"35":{"line":252,"type":"binary-expr","locations":[{"start":{"line":252,"column":14},"end":{"line":252,"column":25}},{"start":{"line":252,"column":29},"end":{"line":252,"column":32}}]}},"code":["var assert     = require('assert')","  , domain     = require('domain')","  , esprima    = require('esprima')","  , path       = require('path'), colors","  , reporters  = {}","  , assertions =","    [ 'ok', 'equal', 'notEqual', 'deepEqual', 'notDeepEqual'","    , 'strictEqual', 'notStrictEqual', 'ifError']","  , err_count  = 0","  , MAX_ERRORS    = process.env.SPECIFY_MAX_ERRORS    || 1000","  , CHECK_GLOBALS = process.env.SPECIFY_CHECK_GLOBALS ? true : false","  , GLOBALS       = Object.keys(global)","  , startTime","  ;","","// read available reporters","require('fs').readdirSync(path.join(__dirname, 'reporters'))","  .forEach(function(reporter) {","    reporters[reporter]=require(path.join(__dirname, 'reporters', reporter));","});","","module.exports = (function specify() {","  var cache     = []","    , counts    = { _totals: {ok: 0, fail: 0, notrun: 0, thrown: 0} }","    , spec, summary, def_summary, timer, current_domain","    , default_reporter = process.env.SPECIFY_REPORTER","      ? Object.keys(reporters)","        .indexOf(process.env.SPECIFY_REPORTER + \".js\") === -1","        ? 'default'","        : process.env.SPECIFY_REPORTER","      : 'default'","    ;","","  def_summary = summary = reporters[default_reporter + '.js'];","","  function ensure_for(test, expect, tests, done) {","    var ensure = {}, count  = expect, errored = [];","    counts[test] = {ok: 0, fail: 0, notrun: 0, thrown: 0};","    counts[test].meta = {name: test, expected: expect, remaining: tests};","    counts[test].meta.errored = errored;","    counts[test].meta.remaining_assertions = expect;","","    assertions.forEach(function(assertion) {","      ensure[assertion] = function () {","        if(counts[test].thrown > 0) {","          return;","        }","        try {","          assert[assertion].apply(this,arguments);","          counts._totals.ok++;","          counts[test].ok++;","        }","        catch (err) {","          errored.push({ msg: err.message","            , assert: assertion, args: [].slice.call(arguments,0)});","          counts._totals.fail++;","          counts[test].fail++;","        }","        count--;","        counts[test].meta.remaining_assertions = count;","        if(count === 0) {","          done(errored);","        }","      };","    });","","    ensure.expect = function (nr) { count = nr; };","    return ensure;","","  }","","  function check_globals () {","    var end_globals = Object.keys(global)","      , leaks = end_globals.filter(function (eg) {","        return !~GLOBALS.indexOf(eg);","      });","    return leaks;","  }","","  //","  // lifted from esprima's `detectnestedternary` example","  //","  function traverse(object, visitor) {","    var key","      , child","      ;","","    visitor.call(null, object);","    for (key in object) {","      if (object.hasOwnProperty(key)) {","        child = object[key];","        if (typeof child === 'object' && child !== null) {","          traverse(child, visitor);","        }","      }","    }","  }","","  function run_tests(tests) {","      if(timer) {","        clearTimeout(timer);","        timer = undefined;","      }","      if(tests.length === 0) {","        var leaks = check_globals();","        leaks.forEach(function (leak) {","          console.log('leak detected: ' + leak);","        });","        counts._totals.duration = Date.now() - startTime;","        summary('summary', counts._totals);","        process.exit(counts._totals.fail === 0 ? 0 : -1);","      }","      else {","        var test    = tests.shift()","          , name    = test[0]","          , timeout = test[1]","          , f       = test[2]","          , expect","          ;","        if(typeof timeout === \"function\") {","          f = timeout;","          timeout = undefined;","        }","        // Need to add () so that it's a complete JS script","        var program = esprima.parse(\"(\" + f.toString() + \")\")","          , vari","          ;","","        // Get argument identifiers from the function passed to specify","        if (program.body[0].expression.type === \"FunctionExpression\") {","          vari = program.body[0].expression.params.map(function(value) {","            return value.name;","          });","        }","","        if(Array.isArray(vari) && vari.length > 0) {","          // Traverse program looking for assert.* function calls","          var numberOfAsserts = 0","            , expected        = false","            ;","          traverse(program, function(node) {","            if (node.type === 'MemberExpression' &&","                node.object.name === vari[0] &&","                assertions.indexOf(node.property.name) !== -1) {","              numberOfAsserts++;","            }","            else if (node.type === 'MemberExpression' &&","                node.object.name === vari[0] &&","                node.property.name === 'expect') {","              // will be specified later on but before nextTick","              expected=true;","            }","          });","","          if(numberOfAsserts || expected) {","            expect = numberOfAsserts;","            current_domain = domain.create();","            current_domain.on('error', domainHandler(name));","            return current_domain.run(function () {","              if(timeout) {","                timer = setTimeout(function (){","                  throw new Error(\"Timeout\");","                }, timeout);","              }","              process.nextTick(function (){","                var start = Date.now();","                f(ensure_for(name, expect, tests, function (errors) {","                  counts[name].duration = Date.now() - start;","                  summary(name, counts[name], errors);","                  run_tests(tests);","                }));","              });","            });","          } else {","            summary(name, {ok: 0, fail: 1, notrun: 0, thrown: 0},","              [' you need to add at least one `'+ vari[0] + '.*` call']);","          }","        } else {","          summary(name, {ok: 0, fail: 1, notrun: 0, thrown: 0},","            [' `assert` must be the first argument of your callback']);","        }","        counts._totals.fail++;","        run_tests(tests);","      }","  }","","  spec = function specify_test(name, f) {","    cache.push([].slice.call(arguments,0));","  };","","  spec.reporter = function (f) {","    if (typeof f === 'function') {","      summary = f;","      return;","    }","    else if (typeof f === 'string') {","      var reporter = reporters[f + '.js'];","      if(typeof reporter === 'function') {","        summary = reporter;","        return;","      }","    }","    summary = def_summary;","  };","","  spec.run = function run_all_tests(filter) {","    if(typeof filter === \"function\") {","      cache  = [[\"main\", filter]];","      filter = [];","    }","    summary(module.parent.filename.replace(process.cwd(), \"\"));","    startTime = Date.now();","    filter = typeof filter === \"string\" ? [filter] : filter;","    if(filter && filter.length !== 0) {","      var filtered_cache = [];","      filter.forEach(function (e) {","        cache.forEach(function (c){","          var name = c[0];","          if(name===e) filtered_cache.push(c);","        });","      });","      run_tests(filtered_cache);","    }","    else {","      run_tests(cache);","    }","  };","","  function domainHandler(test_name) {","    return function (err) {","      var current_test = counts[test_name].meta;","      if(counts[test_name].thrown > 0) {","        // ignore, this test already thrown at least once","        // lets just wait for the socket to c","        return;","      }","      err_count++;","      if(MAX_ERRORS === err_count) {","        err.message = \"You have reached \" + MAX_ERRORS +","          \" errors so we decided to abort your tests\\noriginal: \" +","          err.message;","        throw err;","      }","      err = typeof err === \"string\" ? new Error(err) : err; // idiotpatching","      err.stacktrace = err.stack.split(\"\\n\").splice(1)","        .map(function (l) { return l.replace(/^\\s+/,\"\"); });","      counts[current_test.name].notrun += current_test.remaining_assertions;","      counts._totals.notrun += current_test.remaining_assertions;","      counts[current_test.name].thrown++;","      counts._totals.thrown++;","      current_test.errored.push(","        {msg: err.message || err, assert: \"equal\", args: [\"domain\", err]});","      summary(current_test.name, counts[current_test.name]","        , current_test.errored);","      run_tests(current_test.remaining);","    };","  }","","  return spec;","})();",""],"l":{"1":1,"17":1,"19":3,"22":1,"23":1,"34":1,"36":1,"37":0,"38":0,"39":0,"40":0,"41":0,"43":0,"44":0,"45":0,"46":0,"48":0,"49":0,"50":0,"51":0,"54":0,"56":0,"57":0,"59":0,"60":0,"61":0,"62":0,"67":0,"68":0,"72":1,"73":0,"75":0,"77":0,"83":1,"84":0,"88":0,"89":0,"90":0,"91":0,"92":0,"93":0,"99":1,"100":0,"101":0,"102":0,"104":0,"105":0,"106":0,"107":0,"109":0,"110":0,"111":0,"114":0,"120":0,"121":0,"122":0,"125":0,"130":0,"131":0,"132":0,"136":0,"138":0,"141":0,"142":0,"145":0,"147":0,"151":0,"155":0,"156":0,"157":0,"158":0,"159":0,"160":0,"161":0,"162":0,"165":0,"166":0,"167":0,"168":0,"169":0,"170":0,"175":0,"179":0,"182":0,"183":0,"187":1,"188":0,"191":1,"192":0,"193":0,"194":0,"196":0,"197":0,"198":0,"199":0,"200":0,"203":0,"206":1,"207":0,"208":0,"209":0,"211":0,"212":0,"213":0,"214":0,"215":0,"216":0,"217":0,"218":0,"219":0,"222":0,"225":0,"229":1,"230":0,"231":0,"232":0,"235":0,"237":0,"238":0,"239":0,"242":0,"244":0,"245":0,"246":0,"247":0,"248":0,"249":0,"250":0,"251":0,"253":0,"255":0,"259":1}},"/home/travis/build/npmtest/node-npmtest-specify/node_modules/specify/reporters/compact.js":{"path":"/home/travis/build/npmtest/node-npmtest-specify/node_modules/specify/reporters/compact.js","s":{"1":1,"2":1,"3":1,"4":0,"5":0,"6":0,"7":0,"8":0,"9":0,"10":0,"11":0,"12":0,"13":0},"b":{"1":[1,1],"2":[0,1],"3":[1,0],"4":[1,0],"5":[0,0],"6":[0,0],"7":[0,0],"8":[0,0]},"f":{"1":0},"fnMap":{"1":{"name":"compact_reporter","line":21,"loc":{"start":{"line":21,"column":17},"end":{"line":21,"column":65}}}},"statementMap":{"1":{"start":{"line":1,"column":0},"end":{"line":5,"column":3}},"2":{"start":{"line":7,"column":0},"end":{"line":19,"column":3}},"3":{"start":{"line":21,"column":0},"end":{"line":40,"column":2}},"4":{"start":{"line":23,"column":2},"end":{"line":39,"column":3}},"5":{"start":{"line":24,"column":4},"end":{"line":24,"column":24}},"6":{"start":{"line":25,"column":4},"end":{"line":25,"column":24}},"7":{"start":{"line":26,"column":9},"end":{"line":39,"column":3}},"8":{"start":{"line":27,"column":4},"end":{"line":30,"column":7}},"9":{"start":{"line":31,"column":4},"end":{"line":31,"column":31}},"10":{"start":{"line":32,"column":4},"end":{"line":33,"column":65}},"11":{"start":{"line":34,"column":4},"end":{"line":34,"column":47}},"12":{"start":{"line":35,"column":4},"end":{"line":35,"column":24}},"13":{"start":{"line":36,"column":4},"end":{"line":36,"column":24}}},"branchMap":{"1":{"line":7,"type":"binary-expr","locations":[{"start":{"line":7,"column":13},"end":{"line":7,"column":26}},{"start":{"line":7,"column":30},"end":{"line":7,"column":43}}]},"2":{"line":8,"type":"cond-expr","locations":[{"start":{"line":9,"column":6},"end":{"line":9,"column":33}},{"start":{"line":10,"column":6},"end":{"line":16,"column":10}}]},"3":{"line":10,"type":"cond-expr","locations":[{"start":{"line":11,"column":8},"end":{"line":15,"column":14}},{"start":{"line":16,"column":8},"end":{"line":16,"column":10}}]},"4":{"line":11,"type":"cond-expr","locations":[{"start":{"line":12,"column":10},"end":{"line":12,"column":44}},{"start":{"line":13,"column":10},"end":{"line":15,"column":14}}]},"5":{"line":13,"type":"cond-expr","locations":[{"start":{"line":14,"column":12},"end":{"line":14,"column":34}},{"start":{"line":15,"column":12},"end":{"line":15,"column":14}}]},"6":{"line":23,"type":"if","locations":[{"start":{"line":23,"column":2},"end":{"line":23,"column":2}},{"start":{"line":23,"column":2},"end":{"line":23,"column":2}}]},"7":{"line":26,"type":"if","locations":[{"start":{"line":26,"column":9},"end":{"line":26,"column":9}},{"start":{"line":26,"column":9},"end":{"line":26,"column":9}}]},"8":{"line":28,"type":"cond-expr","locations":[{"start":{"line":28,"column":33},"end":{"line":28,"column":42}},{"start":{"line":28,"column":47},"end":{"line":28,"column":54}}]}},"code":["var colors  = require('colors')","  , tty     = require('tty')","  , difflet = require('difflet')","  , decycle = require('cycle').decycle","  ;","","var isatty = tty.isatty(1) && tty.isatty(2)","  , width  = process.env.SPECIFY_MAXCOLS","    ? process.env.SPECIFY_MAXCOLS","    : isatty","      ? process.stdout.getWindowSize","        ? process.stdout.getWindowSize(1)[0]","        : tty.getWindowSize","          ? tty.getWindowSize()[1]","          : 70","      : 70","  , current_test   = \"\"","  , current_errors = {}","  ;","","module.exports = function compact_reporter(name, report, errors) {","  // starting a new file","  if(typeof report === \"undefined\") {","    current_test = name;","    current_errors = {};","  } else if (name === \"summary\") { // finished testing","    var failed = report.fail + report.notrun","      , left   = failed === 0 ? ('✔'.green) : ('✗'.red)","      , right  = report.ok + '/' + (report.ok+failed)","      ;","    left += \" \" + current_test;","    var dots = new Array(","      Math.max(1, width - left.length - right.length)).join(\".\");","    console.log(\"%s %s %s\", left, dots, right);","    current_test   = \"\";","    current_errors = {};","  } else { // errors","  ","  }","};"],"l":{"1":1,"7":1,"21":1,"23":0,"24":0,"25":0,"26":0,"27":0,"31":0,"32":0,"34":0,"35":0,"36":0}},"/home/travis/build/npmtest/node-npmtest-specify/node_modules/specify/reporters/default.js":{"path":"/home/travis/build/npmtest/node-npmtest-specify/node_modules/specify/reporters/default.js","s":{"1":1,"2":1,"3":0,"4":0,"5":0,"6":0,"7":0,"8":0,"9":0,"10":0,"11":0,"12":0,"13":0,"14":0,"15":0,"16":0,"17":0,"18":0,"19":0,"20":0,"21":0,"22":0,"23":0,"24":0,"25":0,"26":0,"27":0,"28":0,"29":0,"30":0,"31":0},"b":{"1":[0,0],"2":[0,0],"3":[0,0],"4":[0,0],"5":[0,0],"6":[0,0],"7":[0,0],"8":[0,0],"9":[0,0],"10":[0,0,0,0],"11":[0,0],"12":[0,0]},"f":{"1":0,"2":0},"fnMap":{"1":{"name":"default_reporter","line":6,"loc":{"start":{"line":6,"column":17},"end":{"line":6,"column":65}}},"2":{"name":"(anonymous_2)","line":23,"loc":{"start":{"line":23,"column":17},"end":{"line":23,"column":31}}}},"statementMap":{"1":{"start":{"line":1,"column":0},"end":{"line":4,"column":3}},"2":{"start":{"line":6,"column":0},"end":{"line":53,"column":2}},"3":{"start":{"line":7,"column":2},"end":{"line":11,"column":3}},"4":{"start":{"line":8,"column":4},"end":{"line":8,"column":18}},"5":{"start":{"line":9,"column":4},"end":{"line":9,"column":29}},"6":{"start":{"line":10,"column":4},"end":{"line":10,"column":25}},"7":{"start":{"line":12,"column":2},"end":{"line":12,"column":24}},"8":{"start":{"line":13,"column":2},"end":{"line":13,"column":43}},"9":{"start":{"line":14,"column":2},"end":{"line":14,"column":54}},"10":{"start":{"line":15,"column":2},"end":{"line":15,"column":51}},"11":{"start":{"line":16,"column":2},"end":{"line":16,"column":37}},"12":{"start":{"line":17,"column":2},"end":{"line":17,"column":36}},"13":{"start":{"line":18,"column":2},"end":{"line":18,"column":13}},"14":{"start":{"line":19,"column":2},"end":{"line":21,"column":3}},"15":{"start":{"line":20,"column":4},"end":{"line":20,"column":54}},"16":{"start":{"line":22,"column":2},"end":{"line":22,"column":35}},"17":{"start":{"line":23,"column":2},"end":{"line":52,"column":5}},"18":{"start":{"line":24,"column":4},"end":{"line":51,"column":5}},"19":{"start":{"line":25,"column":6},"end":{"line":25,"column":53}},"20":{"start":{"line":27,"column":6},"end":{"line":27,"column":57}},"21":{"start":{"line":28,"column":6},"end":{"line":28,"column":57}},"22":{"start":{"line":29,"column":6},"end":{"line":50,"column":7}},"23":{"start":{"line":30,"column":8},"end":{"line":30,"column":33}},"24":{"start":{"line":32,"column":8},"end":{"line":32,"column":22}},"25":{"start":{"line":33,"column":8},"end":{"line":49,"column":9}},"26":{"start":{"line":35,"column":10},"end":{"line":37,"column":50}},"27":{"start":{"line":39,"column":10},"end":{"line":41,"column":13}},"28":{"start":{"line":42,"column":10},"end":{"line":48,"column":11}},"29":{"start":{"line":43,"column":12},"end":{"line":43,"column":77}},"30":{"start":{"line":44,"column":12},"end":{"line":45,"column":55}},"31":{"start":{"line":47,"column":12},"end":{"line":47,"column":59}}},"branchMap":{"1":{"line":7,"type":"if","locations":[{"start":{"line":7,"column":2},"end":{"line":7,"column":2}},{"start":{"line":7,"column":2},"end":{"line":7,"column":2}}]},"2":{"line":12,"type":"binary-expr","locations":[{"start":{"line":12,"column":11},"end":{"line":12,"column":17}},{"start":{"line":12,"column":21},"end":{"line":12,"column":23}}]},"3":{"line":14,"type":"cond-expr","locations":[{"start":{"line":14,"column":31},"end":{"line":14,"column":40}},{"start":{"line":14,"column":45},"end":{"line":14,"column":52}}]},"4":{"line":19,"type":"if","locations":[{"start":{"line":19,"column":2},"end":{"line":19,"column":2}},{"start":{"line":19,"column":2},"end":{"line":19,"column":2}}]},"5":{"line":24,"type":"if","locations":[{"start":{"line":24,"column":4},"end":{"line":24,"column":4}},{"start":{"line":24,"column":4},"end":{"line":24,"column":4}}]},"6":{"line":25,"type":"binary-expr","locations":[{"start":{"line":25,"column":36},"end":{"line":25,"column":39}},{"start":{"line":25,"column":43},"end":{"line":25,"column":50}}]},"7":{"line":27,"type":"binary-expr","locations":[{"start":{"line":27,"column":36},"end":{"line":27,"column":43}},{"start":{"line":27,"column":47},"end":{"line":27,"column":54}}]},"8":{"line":29,"type":"if","locations":[{"start":{"line":29,"column":6},"end":{"line":29,"column":6}},{"start":{"line":29,"column":6},"end":{"line":29,"column":6}}]},"9":{"line":33,"type":"if","locations":[{"start":{"line":33,"column":8},"end":{"line":33,"column":8}},{"start":{"line":33,"column":8},"end":{"line":33,"column":8}}]},"10":{"line":33,"type":"binary-expr","locations":[{"start":{"line":33,"column":11},"end":{"line":33,"column":22}},{"start":{"line":33,"column":26},"end":{"line":33,"column":37}},{"start":{"line":33,"column":41},"end":{"line":33,"column":70}},{"start":{"line":34,"column":13},"end":{"line":34,"column":42}}]},"11":{"line":39,"type":"binary-expr","locations":[{"start":{"line":39,"column":34},"end":{"line":39,"column":45}},{"start":{"line":39,"column":49},"end":{"line":39,"column":60}}]},"12":{"line":40,"type":"binary-expr","locations":[{"start":{"line":40,"column":34},"end":{"line":40,"column":45}},{"start":{"line":40,"column":49},"end":{"line":40,"column":60}}]}},"code":["var colors  = require('colors')","  , difflet = require('difflet')","  , decycle = require('cycle').decycle","  ;","","module.exports = function default_reporter(name, report, errors) {","  if(typeof report === \"undefined\") {","    console.log();","    console.log(\"  \" + name);","    return console.log();","  }","  errors = errors || [];","  var failed = report.fail + report.notrun;","  var symbol = failed === 0 ? ('✔'.green) : ('✗'.red);","  var right = report.ok + '/' + (report.ok+failed);","  process.stdout.write(symbol + ' ');","  process.stdout.write(right + ' ');","  var d = '';","  if(report.duration) {","    d = 'took '.grey + (report.duration + 'ms').green;","  }","  console.log(name.cyan + \" \" + d);","  errors.forEach(function(err) {","    if(typeof err === \"string\") {","      console.log('└───── '.grey + (err || \"Error\"));","    } else {","      console.log('└───── '.grey + (err.msg || \"Error\"));","      process.stdout.write('❝ '.grey + err.assert + ' ');","      if(err.assert === \"ok\") {","        console.log(err.args[0]);","      } else {","        console.log();","        if(err.args[0] && err.args[1] && typeof err.args[0]===\"object\" &&","             typeof err.args[1]===\"object\") {","          console.log(","            difflet({ indent : 2, comment : true })","              .compare(err.args[0], err.args[1]));","        } else {","          var indexzero = decycle(err.args[0] || \"undefined\")","            , indexone  = decycle(err.args[1] || \"undefined\")","            ;","          try {","            process.stdout.write(JSON.stringify(indexzero, null, 1).magenta);","            console.log((\" // \" +","              JSON.stringify(indexone, null, 1)).cyan);","          } catch (ex) {","            console.log(\" // { \\\"circular\\\": \\\"⥁\\\"}\".cyan);","          }","        }","      }","    }","  });","};"],"l":{"1":1,"6":1,"7":0,"8":0,"9":0,"10":0,"12":0,"13":0,"14":0,"15":0,"16":0,"17":0,"18":0,"19":0,"20":0,"22":0,"23":0,"24":0,"25":0,"27":0,"28":0,"29":0,"30":0,"32":0,"33":0,"35":0,"39":0,"42":0,"43":0,"44":0,"47":0}},"/home/travis/build/npmtest/node-npmtest-specify/node_modules/specify/reporters/json.js":{"path":"/home/travis/build/npmtest/node-npmtest-specify/node_modules/specify/reporters/json.js","s":{"1":1,"2":1,"3":0,"4":0},"b":{},"f":{"1":0},"fnMap":{"1":{"name":"json_reporter","line":3,"loc":{"start":{"line":3,"column":17},"end":{"line":3,"column":62}}}},"statementMap":{"1":{"start":{"line":1,"column":0},"end":{"line":1,"column":39}},"2":{"start":{"line":3,"column":0},"end":{"line":10,"column":2}},"3":{"start":{"line":4,"column":2},"end":{"line":8,"column":6}},"4":{"start":{"line":9,"column":2},"end":{"line":9,"column":52}}},"branchMap":{},"code":["var decycle = require('cycle').decycle;","","module.exports = function json_reporter(name, report, errors) {","  var json_report = ","    { name   : name","    , report : report","    , errors : errors","    };","  console.log(JSON.stringify(decycle(json_report)));","};"],"l":{"1":1,"3":1,"4":0,"9":0}}}